#
# A fatal error has been detected by the Java Runtime Environment:
#
#  SIGSEGV (0xb) at pc=0x0000000114882ec5, pid=13812, tid=0x0000000000009d03
#
# JRE version: OpenJDK Runtime Environment (8.0_212-b04) (build 1.8.0_212-b04)
# Java VM: OpenJDK 64-Bit Server VM (25.212-b04 mixed mode bsd-amd64 compressed oops)
# Problematic frame:
# C  [libquack-jni.dylib+0x1a2ec5]  js_os_init+0x105
#
# Failed to write core dump. Core dumps have been disabled. To enable core dumping, try "ulimit -c unlimited" before starting Java again
#
# If you would like to submit a bug report, please visit:
#   http://bugreport.java.com/bugreport/crash.jsp
# The crash happened outside the Java Virtual Machine in native code.
# See problematic frame for where to report the bug.
#

---------------  T H R E A D  ---------------

Current thread (0x00007fe54103f800):  JavaThread "Test worker" [_thread_in_native, id=40195, stack(0x00007000024f9000,0x00007000025f9000)]

siginfo: si_signo: 11 (SIGSEGV), si_code: 1 (SEGV_MAPERR), si_addr: 0x0000000000000048

Registers:
RAX=0x0000000000000000, RBX=0x00007fe4ffc4e8b0, RCX=0xffffffffffffffff, RDX=0x0000000000000002
RSP=0x00007000025f5810, RBP=0x00007000025f5850, RSI=0x0000000100000000, RDI=0x00007fe4ffc40a70
R8 =0x00007fe4ffc4e8b0, R9 =0x00007fe50815fc00, R10=0x0000000000000001, R11=0x00000000ffffffe2
R12=0x00007fe4ffc40a70, R13=0xffffffffffffffff, R14=0x00007fe4ffc4e960, R15=0xffffffffffffffff
RIP=0x0000000114882ec5, EFLAGS=0x0000000000010213, ERR=0x0000000000000004
  TRAPNO=0x000000000000000e

Top of Stack: (sp=0x00007000025f5810)
0x00007000025f5810:   00007000025f5850 00007fe4ffc4b9a0
0x00007000025f5820:   0000000000000000 0000000000000003
0x00007000025f5830:   0000000000000000 0000000000000018
0x00007000025f5840:   00007fe4ffc40a70 00007fe4ffc40a70
0x00007000025f5850:   00007000025f58a0 00000001147f4f9d
0x00007000025f5860:   00007000025f58f0 00000001147f4b42
0x00007000025f5870:   00007fe4ffc4b9a0 0000000000000003
0x00007000025f5880:   0000000000000000 0000000000000018
0x00007000025f5890:   0000000000000001 00007fe4ffc40a70
0x00007000025f58a0:   00007000025f58f0 00000001147f4f49
0x00007000025f58b0:   fffffffffffffffe ffffffffffffffff
0x00007000025f58c0:   00007fe4ffc4c210 00007fe4ffc4c210
0x00007000025f58d0:   00007fe4ffc40a70 0000000000000001
0x00007000025f58e0:   00007fe4ffc4c210 00007fe4ffc40a70
0x00007000025f58f0:   00007000025f5940 00000001147cdd2a
0x00007000025f5900:   00007000025f5940 00000001147cdf62
0x00007000025f5910:   00000000ffc4c5e0 00007fe4ffc4c2c0
0x00007000025f5920:   00007fe4ffc40a70 0000000000000001
0x00007000025f5930:   00007fe4ffc4c210 fffffffffffffffd
0x00007000025f5940:   00007000025f5a40 00000001147dd3d4
0x00007000025f5950:   0000000000000000 0000000114798428
0x00007000025f5960:   00007fe4ffc40a70 0000000500000004
0x00007000025f5970:   000000011489c52b 00000005ffffffa9
0x00007000025f5980:   000000011489c52a 00000000000001df
0x00007000025f5990:   ffffffff00000000 0000000000000027
0x00007000025f59a0:   0000000000000000 0000000000000001
0x00007000025f59b0:   000000011489c529 000000011489c52a
0x00007000025f59c0:   000000011489c52a 00007fe4ffc4c2c0
0x00007000025f59d0:   0000000000000001 0000000000000000
0x00007000025f59e0:   ffffffffffffffff 00007fe4ffc41aa0
0x00007000025f59f0:   000000011489c52b 0000000000000000
0x00007000025f5a00:   0000000000000000 000000011489c4ca 

Instructions: (pc=0x0000000114882ec5)
0x0000000114882ea5:   4d 89 f8 e8 13 31 f5 ff 8b 35 f5 8c 02 00 4c 89
0x0000000114882eb5:   e7 48 89 da 4c 89 f9 e8 7f 3c f1 ff 48 8b 45 d0
0x0000000114882ec5:   48 8b 48 48 48 85 c9 74 3a 4c 8b 40 50 4d 85 c0
0x0000000114882ed5:   74 31 ba 03 00 00 00 4c 89 e7 31 f6 e8 2a 38 00 

Register to memory mapping:

RAX=0x0000000000000000 is an unknown value
RBX=0x00007fe4ffc4e8b0 is an unknown value
RCX=0xffffffffffffffff is an unknown value
RDX=0x0000000000000002 is an unknown value
RSP=0x00007000025f5810 is pointing into the stack for thread: 0x00007fe54103f800
RBP=0x00007000025f5850 is pointing into the stack for thread: 0x00007fe54103f800
RSI=0x0000000100000000 is an unknown value
RDI=0x00007fe4ffc40a70 is an unknown value
R8 =0x00007fe4ffc4e8b0 is an unknown value
R9 =0x00007fe50815fc00 is an unknown value
R10=0x0000000000000001 is an unknown value
R11=0x00000000ffffffe2 is an unknown value
R12=0x00007fe4ffc40a70 is an unknown value
R13=0xffffffffffffffff is an unknown value
R14=0x00007fe4ffc4e960 is an unknown value
R15=0xffffffffffffffff is an unknown value


Stack: [0x00007000024f9000,0x00007000025f9000],  sp=0x00007000025f5810,  free space=1010k
Native frames: (J=compiled Java code, j=interpreted, Vv=VM code, C=native code)
C  [libquack-jni.dylib+0x1a2ec5]  js_os_init+0x105
C  [libquack-jni.dylib+0x114f9d]  js_evaluate_module+0x17d
C  [libquack-jni.dylib+0x114f49]  js_evaluate_module+0x129
C  [libquack-jni.dylib+0xedd2a]  JS_EvalFunctionInternal+0xfa
C  [libquack-jni.dylib+0xfd3d4]  __JS_EvalInternal+0x514
C  [libquack-jni.dylib+0xede25]  JS_Eval+0x35
C  [libquack-jni.dylib+0xa3416]  _ZN14QuickJSContextC2EP7JavaVM_P8_jobject+0x176
C  [libquack-jni.dylib+0xa4635]  _ZN14QuickJSContextC1EP7JavaVM_P8_jobject+0x25
C  [libquack-jni.dylib+0xb10aa]  Java_com_koushikdutta_quack_QuackContext_createContext+0x5a
j  com.koushikdutta.quack.QuackContext.createContext(Lcom/koushikdutta/quack/QuackContext;Z)J+0
j  com.koushikdutta.quack.QuackContext.create(Z)Lcom/koushikdutta/quack/QuackContext;+11
j  com.koushikdutta.quack.QuackContext.create()Lcom/koushikdutta/quack/QuackContext;+1
j  com.koushikdutta.quack.polyfill.QuackEventLoop.<init>(Lcom/koushikdutta/scratch/event/NIOEventLoop;)V+9
j  com.koushikdutta.quack.polyfill.QuackEventLoop.<init>()V+8
j  com.koushikdutta.quack.polyfill.PolyfillTests.testHttp()V+4
v  ~StubRoutines::call_stub
V  [libjvm.dylib+0x2e2eca]
V  [libjvm.dylib+0x4a88b4]
V  [libjvm.dylib+0x4a8de8]
V  [libjvm.dylib+0x31e808]
j  sun.reflect.NativeMethodAccessorImpl.invoke0(Ljava/lang/reflect/Method;Ljava/lang/Object;[Ljava/lang/Object;)Ljava/lang/Object;+0
j  sun.reflect.NativeMethodAccessorImpl.invoke(Ljava/lang/Object;[Ljava/lang/Object;)Ljava/lang/Object;+100
j  sun.reflect.DelegatingMethodAccessorImpl.invoke(Ljava/lang/Object;[Ljava/lang/Object;)Ljava/lang/Object;+6
j  java.lang.reflect.Method.invoke(Ljava/lang/Object;[Ljava/lang/Object;)Ljava/lang/Object;+56
j  org.junit.runners.model.FrameworkMethod$1.runReflectiveCall()Ljava/lang/Object;+15
j  org.junit.internal.runners.model.ReflectiveCallable.run()Ljava/lang/Object;+1
j  org.junit.runners.model.FrameworkMethod.invokeExplosively(Ljava/lang/Object;[Ljava/lang/Object;)Ljava/lang/Object;+10
j  org.junit.internal.runners.statements.InvokeMethod.evaluate()V+12
j  org.junit.runners.ParentRunner.runLeaf(Lorg/junit/runners/model/Statement;Lorg/junit/runner/Description;Lorg/junit/runner/notification/RunNotifier;)V+17
j  org.junit.runners.BlockJUnit4ClassRunner.runChild(Lorg/junit/runners/model/FrameworkMethod;Lorg/junit/runner/notification/RunNotifier;)V+30
j  org.junit.runners.BlockJUnit4ClassRunner.runChild(Ljava/lang/Object;Lorg/junit/runner/notification/RunNotifier;)V+6
j  org.junit.runners.ParentRunner$3.run()V+12
j  org.junit.runners.ParentRunner$1.schedule(Ljava/lang/Runnable;)V+1
j  org.junit.runners.ParentRunner.runChildren(Lorg/junit/runner/notification/RunNotifier;)V+44
j  org.junit.runners.ParentRunner.access$000(Lorg/junit/runners/ParentRunner;Lorg/junit/runner/notification/RunNotifier;)V+2
j  org.junit.runners.ParentRunner$2.evaluate()V+8
j  org.junit.runners.ParentRunner.run(Lorg/junit/runner/notification/RunNotifier;)V+20
j  org.gradle.api.internal.tasks.testing.junit.JUnitTestClassExecutor.runTestClass(Ljava/lang/String;)V+296
j  org.gradle.api.internal.tasks.testing.junit.JUnitTestClassExecutor.execute(Ljava/lang/String;)V+14
j  org.gradle.api.internal.tasks.testing.junit.JUnitTestClassExecutor.execute(Ljava/lang/Object;)V+5
j  org.gradle.api.internal.tasks.testing.junit.AbstractJUnitTestClassProcessor.processTestClass(Lorg/gradle/api/internal/tasks/testing/TestClassRunInfo;)V+26
j  org.gradle.api.internal.tasks.testing.SuiteTestClassProcessor.processTestClass(Lorg/gradle/api/internal/tasks/testing/TestClassRunInfo;)V+5
v  ~StubRoutines::call_stub
V  [libjvm.dylib+0x2e2eca]
V  [libjvm.dylib+0x4a88b4]
V  [libjvm.dylib+0x4a8de8]
V  [libjvm.dylib+0x31e808]
j  sun.reflect.NativeMethodAccessorImpl.invoke0(Ljava/lang/reflect/Method;Ljava/lang/Object;[Ljava/lang/Object;)Ljava/lang/Object;+0
j  sun.reflect.NativeMethodAccessorImpl.invoke(Ljava/lang/Object;[Ljava/lang/Object;)Ljava/lang/Object;+100
j  sun.reflect.DelegatingMethodAccessorImpl.invoke(Ljava/lang/Object;[Ljava/lang/Object;)Ljava/lang/Object;+6
j  java.lang.reflect.Method.invoke(Ljava/lang/Object;[Ljava/lang/Object;)Ljava/lang/Object;+56
j  org.gradle.internal.dispatch.ReflectionDispatch.dispatch(Lorg/gradle/internal/dispatch/MethodInvocation;)V+19
j  org.gradle.internal.dispatch.ReflectionDispatch.dispatch(Ljava/lang/Object;)V+5
j  org.gradle.internal.dispatch.ContextClassLoaderDispatch.dispatch(Ljava/lang/Object;)V+22
j  org.gradle.internal.dispatch.ProxyDispatchAdapter$DispatchingInvocationHandler.invoke(Ljava/lang/Object;Ljava/lang/reflect/Method;[Ljava/lang/Object;)Ljava/lang/Object;+177
j  com.sun.proxy.$Proxy2.processTestClass(Lorg/gradle/api/internal/tasks/testing/TestClassRunInfo;)V+16
j  org.gradle.api.internal.tasks.testing.worker.TestWorker.processTestClass(Lorg/gradle/api/internal/tasks/testing/TestClassRunInfo;)V+13
v  ~StubRoutines::call_stub
V  [libjvm.dylib+0x2e2eca]
V  [libjvm.dylib+0x4a88b4]
V  [libjvm.dylib+0x4a8de8]
V  [libjvm.dylib+0x31e808]
j  sun.reflect.NativeMethodAccessorImpl.invoke0(Ljava/lang/reflect/Method;Ljava/lang/Object;[Ljava/lang/Object;)Ljava/lang/Object;+0
j  sun.reflect.NativeMethodAccessorImpl.invoke(Ljava/lang/Object;[Ljava/lang/Object;)Ljava/lang/Object;+100
j  sun.reflect.DelegatingMethodAccessorImpl.invoke(Ljava/lang/Object;[Ljava/lang/Object;)Ljava/lang/Object;+6
j  java.lang.reflect.Method.invoke(Ljava/lang/Object;[Ljava/lang/Object;)Ljava/lang/Object;+56
j  org.gradle.internal.dispatch.ReflectionDispatch.dispatch(Lorg/gradle/internal/dispatch/MethodInvocation;)V+19
j  org.gradle.internal.dispatch.ReflectionDispatch.dispatch(Ljava/lang/Object;)V+5
j  org.gradle.internal.remote.internal.hub.MessageHubBackedObjectConnection$DispatchWrapper.dispatch(Lorg/gradle/internal/dispatch/MethodInvocation;)V+5
j  org.gradle.internal.remote.internal.hub.MessageHubBackedObjectConnection$DispatchWrapper.dispatch(Ljava/lang/Object;)V+5
j  org.gradle.internal.remote.internal.hub.MessageHub$Handler.run()V+174
j  org.gradle.internal.concurrent.ExecutorPolicy$CatchAndRecordFailures.onExecute(Ljava/lang/Runnable;)V+1
j  org.gradle.internal.concurrent.ManagedExecutorImpl$1.run()V+25
j  java.util.concurrent.ThreadPoolExecutor.runWorker(Ljava/util/concurrent/ThreadPoolExecutor$Worker;)V+95
j  java.util.concurrent.ThreadPoolExecutor$Worker.run()V+5
j  org.gradle.internal.concurrent.ThreadFactoryImpl$ManagedThreadRunnable.run()V+7
j  java.lang.Thread.run()V+11
v  ~StubRoutines::call_stub
V  [libjvm.dylib+0x2e2eca]
V  [libjvm.dylib+0x2e366e]
V  [libjvm.dylib+0x2e381a]
V  [libjvm.dylib+0x32145a]
V  [libjvm.dylib+0x53f5fd]
V  [libjvm.dylib+0x540cc2]
V  [libjvm.dylib+0x46124a]
C  [libsystem_pthread.dylib+0x5e65]  _pthread_start+0x94
C  [libsystem_pthread.dylib+0x183b]  thread_start+0xf
C  0x0000000000000000

Java frames: (J=compiled Java code, j=interpreted, Vv=VM code)
j  com.koushikdutta.quack.QuackContext.createContext(Lcom/koushikdutta/quack/QuackContext;Z)J+0
j  com.koushikdutta.quack.QuackContext.create(Z)Lcom/koushikdutta/quack/QuackContext;+11
j  com.koushikdutta.quack.QuackContext.create()Lcom/koushikdutta/quack/QuackContext;+1
j  com.koushikdutta.quack.polyfill.QuackEventLoop.<init>(Lcom/koushikdutta/scratch/event/NIOEventLoop;)V+9
j  com.koushikdutta.quack.polyfill.QuackEventLoop.<init>()V+8
j  com.koushikdutta.quack.polyfill.PolyfillTests.testHttp()V+4
v  ~StubRoutines::call_stub
j  sun.reflect.NativeMethodAccessorImpl.invoke0(Ljava/lang/reflect/Method;Ljava/lang/Object;[Ljava/lang/Object;)Ljava/lang/Object;+0
j  sun.reflect.NativeMethodAccessorImpl.invoke(Ljava/lang/Object;[Ljava/lang/Object;)Ljava/lang/Object;+100
j  sun.reflect.DelegatingMethodAccessorImpl.invoke(Ljava/lang/Object;[Ljava/lang/Object;)Ljava/lang/Object;+6
j  java.lang.reflect.Method.invoke(Ljava/lang/Object;[Ljava/lang/Object;)Ljava/lang/Object;+56
j  org.junit.runners.model.FrameworkMethod$1.runReflectiveCall()Ljava/lang/Object;+15
j  org.junit.internal.runners.model.ReflectiveCallable.run()Ljava/lang/Object;+1
j  org.junit.runners.model.FrameworkMethod.invokeExplosively(Ljava/lang/Object;[Ljava/lang/Object;)Ljava/lang/Object;+10
j  org.junit.internal.runners.statements.InvokeMethod.evaluate()V+12
j  org.junit.runners.ParentRunner.runLeaf(Lorg/junit/runners/model/Statement;Lorg/junit/runner/Description;Lorg/junit/runner/notification/RunNotifier;)V+17
j  org.junit.runners.BlockJUnit4ClassRunner.runChild(Lorg/junit/runners/model/FrameworkMethod;Lorg/junit/runner/notification/RunNotifier;)V+30
j  org.junit.runners.BlockJUnit4ClassRunner.runChild(Ljava/lang/Object;Lorg/junit/runner/notification/RunNotifier;)V+6
j  org.junit.runners.ParentRunner$3.run()V+12
j  org.junit.runners.ParentRunner$1.schedule(Ljava/lang/Runnable;)V+1
j  org.junit.runners.ParentRunner.runChildren(Lorg/junit/runner/notification/RunNotifier;)V+44
j  org.junit.runners.ParentRunner.access$000(Lorg/junit/runners/ParentRunner;Lorg/junit/runner/notification/RunNotifier;)V+2
j  org.junit.runners.ParentRunner$2.evaluate()V+8
j  org.junit.runners.ParentRunner.run(Lorg/junit/runner/notification/RunNotifier;)V+20
j  org.gradle.api.internal.tasks.testing.junit.JUnitTestClassExecutor.runTestClass(Ljava/lang/String;)V+296
j  org.gradle.api.internal.tasks.testing.junit.JUnitTestClassExecutor.execute(Ljava/lang/String;)V+14
j  org.gradle.api.internal.tasks.testing.junit.JUnitTestClassExecutor.execute(Ljava/lang/Object;)V+5
j  org.gradle.api.internal.tasks.testing.junit.AbstractJUnitTestClassProcessor.processTestClass(Lorg/gradle/api/internal/tasks/testing/TestClassRunInfo;)V+26
j  org.gradle.api.internal.tasks.testing.SuiteTestClassProcessor.processTestClass(Lorg/gradle/api/internal/tasks/testing/TestClassRunInfo;)V+5
v  ~StubRoutines::call_stub
j  sun.reflect.NativeMethodAccessorImpl.invoke0(Ljava/lang/reflect/Method;Ljava/lang/Object;[Ljava/lang/Object;)Ljava/lang/Object;+0
j  sun.reflect.NativeMethodAccessorImpl.invoke(Ljava/lang/Object;[Ljava/lang/Object;)Ljava/lang/Object;+100
j  sun.reflect.DelegatingMethodAccessorImpl.invoke(Ljava/lang/Object;[Ljava/lang/Object;)Ljava/lang/Object;+6
j  java.lang.reflect.Method.invoke(Ljava/lang/Object;[Ljava/lang/Object;)Ljava/lang/Object;+56
j  org.gradle.internal.dispatch.ReflectionDispatch.dispatch(Lorg/gradle/internal/dispatch/MethodInvocation;)V+19
j  org.gradle.internal.dispatch.ReflectionDispatch.dispatch(Ljava/lang/Object;)V+5
j  org.gradle.internal.dispatch.ContextClassLoaderDispatch.dispatch(Ljava/lang/Object;)V+22
j  org.gradle.internal.dispatch.ProxyDispatchAdapter$DispatchingInvocationHandler.invoke(Ljava/lang/Object;Ljava/lang/reflect/Method;[Ljava/lang/Object;)Ljava/lang/Object;+177
j  com.sun.proxy.$Proxy2.processTestClass(Lorg/gradle/api/internal/tasks/testing/TestClassRunInfo;)V+16
j  org.gradle.api.internal.tasks.testing.worker.TestWorker.processTestClass(Lorg/gradle/api/internal/tasks/testing/TestClassRunInfo;)V+13
v  ~StubRoutines::call_stub
j  sun.reflect.NativeMethodAccessorImpl.invoke0(Ljava/lang/reflect/Method;Ljava/lang/Object;[Ljava/lang/Object;)Ljava/lang/Object;+0
j  sun.reflect.NativeMethodAccessorImpl.invoke(Ljava/lang/Object;[Ljava/lang/Object;)Ljava/lang/Object;+100
j  sun.reflect.DelegatingMethodAccessorImpl.invoke(Ljava/lang/Object;[Ljava/lang/Object;)Ljava/lang/Object;+6
j  java.lang.reflect.Method.invoke(Ljava/lang/Object;[Ljava/lang/Object;)Ljava/lang/Object;+56
j  org.gradle.internal.dispatch.ReflectionDispatch.dispatch(Lorg/gradle/internal/dispatch/MethodInvocation;)V+19
j  org.gradle.internal.dispatch.ReflectionDispatch.dispatch(Ljava/lang/Object;)V+5
j  org.gradle.internal.remote.internal.hub.MessageHubBackedObjectConnection$DispatchWrapper.dispatch(Lorg/gradle/internal/dispatch/MethodInvocation;)V+5
j  org.gradle.internal.remote.internal.hub.MessageHubBackedObjectConnection$DispatchWrapper.dispatch(Ljava/lang/Object;)V+5
j  org.gradle.internal.remote.internal.hub.MessageHub$Handler.run()V+174
j  org.gradle.internal.concurrent.ExecutorPolicy$CatchAndRecordFailures.onExecute(Ljava/lang/Runnable;)V+1
j  org.gradle.internal.concurrent.ManagedExecutorImpl$1.run()V+25
j  java.util.concurrent.ThreadPoolExecutor.runWorker(Ljava/util/concurrent/ThreadPoolExecutor$Worker;)V+95
j  java.util.concurrent.ThreadPoolExecutor$Worker.run()V+5
j  org.gradle.internal.concurrent.ThreadFactoryImpl$ManagedThreadRunnable.run()V+7
j  java.lang.Thread.run()V+11
v  ~StubRoutines::call_stub

---------------  P R O C E S S  ---------------

Java Threads: ( => current thread )
  0x00007fe508130800 JavaThread "DefaultScratchLoop" [_thread_in_native, id=39427, stack(0x0000700002802000,0x0000700002902000)]
  0x00007fe5382b9800 JavaThread "/0:0:0:0:0:0:0:1:57698 to /0:0:0:0:0:0:0:1:57697 workers Thread 3" [_thread_in_native, id=26883, stack(0x00007000026ff000,0x00007000027ff000)]
  0x00007fe538224000 JavaThread "/0:0:0:0:0:0:0:1:57698 to /0:0:0:0:0:0:0:1:57697 workers Thread 2" [_thread_blocked, id=26627, stack(0x00007000025fc000,0x00007000026fc000)]
=>0x00007fe54103f800 JavaThread "Test worker" [_thread_in_native, id=40195, stack(0x00007000024f9000,0x00007000025f9000)]
  0x00007fe53800d000 JavaThread "Service Thread" daemon [_thread_blocked, id=25347, stack(0x00007000022f3000,0x00007000023f3000)]
  0x00007fe528017800 JavaThread "C1 CompilerThread11" daemon [_thread_blocked, id=40707, stack(0x00007000021f0000,0x00007000022f0000)]
  0x00007fe540844800 JavaThread "C1 CompilerThread10" daemon [_thread_blocked, id=24835, stack(0x00007000020ed000,0x00007000021ed000)]
  0x00007fe540843800 JavaThread "C1 CompilerThread9" daemon [_thread_blocked, id=41219, stack(0x0000700001fea000,0x00007000020ea000)]
  0x00007fe52800e800 JavaThread "C1 CompilerThread8" daemon [_thread_blocked, id=24579, stack(0x0000700001ee7000,0x0000700001fe7000)]
  0x00007fe52800e000 JavaThread "C2 CompilerThread7" daemon [_thread_blocked, id=41987, stack(0x0000700001de4000,0x0000700001ee4000)]
  0x00007fe540833000 JavaThread "C2 CompilerThread6" daemon [_thread_blocked, id=24067, stack(0x0000700001ce1000,0x0000700001de1000)]
  0x00007fe540832000 JavaThread "C2 CompilerThread5" daemon [_thread_blocked, id=42499, stack(0x0000700001bde000,0x0000700001cde000)]
  0x00007fe542801800 JavaThread "C2 CompilerThread4" daemon [_thread_blocked, id=42755, stack(0x0000700001adb000,0x0000700001bdb000)]
  0x00007fe540821800 JavaThread "C2 CompilerThread3" daemon [_thread_blocked, id=23555, stack(0x00007000019d8000,0x0000700001ad8000)]
  0x00007fe54080b800 JavaThread "C2 CompilerThread2" daemon [_thread_blocked, id=23043, stack(0x00007000018d5000,0x00007000019d5000)]
  0x00007fe51804f800 JavaThread "C2 CompilerThread1" daemon [_thread_blocked, id=22787, stack(0x00007000017d2000,0x00007000018d2000)]
  0x00007fe51804e800 JavaThread "C2 CompilerThread0" daemon [_thread_blocked, id=22275, stack(0x00007000016cf000,0x00007000017cf000)]
  0x00007fe518037000 JavaThread "Signal Dispatcher" daemon [_thread_blocked, id=21763, stack(0x00007000015cc000,0x00007000016cc000)]
  0x00007fe540808800 JavaThread "Finalizer" daemon [_thread_blocked, id=18179, stack(0x00007000013c3000,0x00007000014c3000)]
  0x00007fe538009000 JavaThread "Reference Handler" daemon [_thread_blocked, id=18691, stack(0x00007000012c0000,0x00007000013c0000)]
  0x00007fe542800800 JavaThread "main" [_thread_blocked, id=4099, stack(0x000070000018d000,0x000070000028d000)]

Other Threads:
  0x00007fe540808000 VMThread [stack: 0x00007000011bd000,0x00007000012bd000] [id=18947]
  0x00007fe538021800 WatcherThread [stack: 0x00007000023f6000,0x00007000024f6000] [id=25859]

VM state:not at safepoint (normal execution)

VM Mutex/Monitor currently owned by a thread: None

heap address: 0x00000007a0000000, size: 512 MB, Compressed Oops mode: Zero based, Oop shift amount: 3
Narrow klass base: 0x0000000000000000, Narrow klass shift: 3
Compressed class space size: 1073741824 Address: 0x00000007c0000000

Heap:
 PSYoungGen      total 153088K, used 39476K [0x00000007b5580000, 0x00000007c0000000, 0x00000007c0000000)
  eden space 131584K, 30% used [0x00000007b5580000,0x00000007b7c0d028,0x00000007bd600000)
  from space 21504K, 0% used [0x00000007beb00000,0x00000007beb00000,0x00000007c0000000)
  to   space 21504K, 0% used [0x00000007bd600000,0x00000007bd600000,0x00000007beb00000)
 ParOldGen       total 349696K, used 0K [0x00000007a0000000, 0x00000007b5580000, 0x00000007b5580000)
  object space 349696K, 0% used [0x00000007a0000000,0x00000007a0000000,0x00000007b5580000)
 Metaspace       used 8256K, capacity 8534K, committed 8704K, reserved 1056768K
  class space    used 1043K, capacity 1159K, committed 1280K, reserved 1048576K

Card table byte_map: [0x0000000110ed9000,0x0000000110fda000] byte_map_base: 0x000000010d1d9000

Marking Bits: (ParMarkBitMap*) 0x000000011089b030
 Begin Bits: [0x0000000110fda000, 0x00000001117da000)
 End Bits:   [0x00000001117da000, 0x0000000111fda000)

Polling page: 0x000000010d6c5000

CodeCache: size=245760Kb used=4666Kb max_used=4666Kb free=241093Kb
 bounds [0x000000011971f000, 0x0000000119bbf000, 0x000000012871f000]
 total_blobs=1073 nmethods=749 adapters=236
 compilation: enabled

Compilation events (10 events):
Event: 0.354 Thread 0x00007fe528017800  744       3       jdk.internal.org.objectweb.asm.Label::resolve (214 bytes)
Event: 0.355 Thread 0x00007fe528017800 nmethod 744 0x0000000119bae890 code [0x0000000119baea20, 0x0000000119baeef0]
Event: 0.355 Thread 0x00007fe540844800  747       3       jdk.internal.org.objectweb.asm.AnnotationWriter::<init> (34 bytes)
Event: 0.355 Thread 0x00007fe540843800  748       3       jdk.internal.org.objectweb.asm.AnnotationVisitor::<init> (7 bytes)
Event: 0.355 Thread 0x00007fe52800e800  749       3       jdk.internal.org.objectweb.asm.AnnotationVisitor::<init> (35 bytes)
Event: 0.355 Thread 0x00007fe528017800  750       3       jdk.internal.org.objectweb.asm.AnnotationWriter::visitEnd (43 bytes)
Event: 0.355 Thread 0x00007fe52800e800 nmethod 749 0x0000000119ba9690 code [0x0000000119ba9820, 0x0000000119ba9b28]
Event: 0.355 Thread 0x00007fe540844800 nmethod 747 0x0000000119bae390 code [0x0000000119bae500, 0x0000000119bae788]
Event: 0.355 Thread 0x00007fe540843800 nmethod 748 0x0000000119badd10 code [0x0000000119badea0, 0x0000000119bae208]
Event: 0.355 Thread 0x00007fe528017800 nmethod 750 0x0000000119ba91d0 code [0x0000000119ba9340, 0x0000000119ba9530]

GC Heap History (0 events):
No events

Deoptimization events (2 events):
Event: 0.203 Thread 0x00007fe542800800 Uncommon trap: reason=null_check action=make_not_entrant pc=0x0000000119a4e6a4 method=java.lang.String.equals(Ljava/lang/Object;)Z @ 8
Event: 0.215 Thread 0x00007fe542800800 Uncommon trap: reason=unstable_if action=reinterpret pc=0x0000000119a66050 method=java.lang.String.replace(CC)Ljava/lang/String; @ 26

Classes redefined (0 events):
No events

Internal exceptions (10 events):
Event: 0.203 Thread 0x00007fe542800800 Implicit null exception at 0x0000000119a4e4a2 to 0x0000000119a4e695
Event: 0.216 Thread 0x00007fe542800800 Exception <a 'java/lang/NoSuchMethodError': <clinit>> (0x00000007b61737d0) thrown at [/Users/jenkins/workspace/build-scripts/jobs/jdk8u/jdk8u-mac-x64-hotspot/workspace/build/src/hotspot/src/share/vm/prims/jni.cpp, line 1614]
Event: 0.217 Thread 0x00007fe542800800 Exception <a 'java/lang/NoSuchMethodError': <clinit>> (0x00000007b617dae0) thrown at [/Users/jenkins/workspace/build-scripts/jobs/jdk8u/jdk8u-mac-x64-hotspot/workspace/build/src/hotspot/src/share/vm/prims/jni.cpp, line 1614]
Event: 0.217 Thread 0x00007fe542800800 Exception <a 'java/lang/NoSuchMethodError': <clinit>> (0x00000007b6186c10) thrown at [/Users/jenkins/workspace/build-scripts/jobs/jdk8u/jdk8u-mac-x64-hotspot/workspace/build/src/hotspot/src/share/vm/prims/jni.cpp, line 1614]
Event: 0.225 Thread 0x00007fe542800800 Exception <a 'java/security/PrivilegedActionException'> (0x00000007b61ff880) thrown at [/Users/jenkins/workspace/build-scripts/jobs/jdk8u/jdk8u-mac-x64-hotspot/workspace/build/src/hotspot/src/share/vm/prims/jvm.cpp, line 1502]
Event: 0.225 Thread 0x00007fe542800800 Exception <a 'java/security/PrivilegedActionException'> (0x00000007b61ffc78) thrown at [/Users/jenkins/workspace/build-scripts/jobs/jdk8u/jdk8u-mac-x64-hotspot/workspace/build/src/hotspot/src/share/vm/prims/jvm.cpp, line 1502]
Event: 0.225 Thread 0x00007fe542800800 Exception <a 'java/security/PrivilegedActionException'> (0x00000007b6203df8) thrown at [/Users/jenkins/workspace/build-scripts/jobs/jdk8u/jdk8u-mac-x64-hotspot/workspace/build/src/hotspot/src/share/vm/prims/jvm.cpp, line 1502]
Event: 0.225 Thread 0x00007fe542800800 Exception <a 'java/security/PrivilegedActionException'> (0x00000007b62041f0) thrown at [/Users/jenkins/workspace/build-scripts/jobs/jdk8u/jdk8u-mac-x64-hotspot/workspace/build/src/hotspot/src/share/vm/prims/jvm.cpp, line 1502]
Event: 0.262 Thread 0x00007fe542800800 Exception <a 'java/lang/ArrayIndexOutOfBoundsException'> (0x00000007b69393d0) thrown at [/Users/jenkins/workspace/build-scripts/jobs/jdk8u/jdk8u-mac-x64-hotspot/workspace/build/src/hotspot/src/share/vm/runtime/sharedRuntime.cpp, line 605]
Event: 0.262 Thread 0x00007fe542800800 Exception <a 'java/lang/ArrayIndexOutOfBoundsException'> (0x00000007b693a228) thrown at [/Users/jenkins/workspace/build-scripts/jobs/jdk8u/jdk8u-mac-x64-hotspot/workspace/build/src/hotspot/src/share/vm/runtime/sharedRuntime.cpp, line 605]

Events (10 events):
Event: 0.353 loading class com/koushikdutta/quack/QuackCoercion
Event: 0.353 loading class com/koushikdutta/quack/QuackCoercion done
Event: 0.353 loading class com/koushikdutta/quack/QuackCoercion
Event: 0.353 loading class com/koushikdutta/quack/QuackCoercion done
Event: 0.353 loading class com/koushikdutta/quack/QuackCoercion
Event: 0.353 loading class com/koushikdutta/quack/QuackCoercion done
Event: 0.354 loading class com/koushikdutta/quack/QuackCoercion
Event: 0.354 loading class com/koushikdutta/quack/QuackCoercion done
Event: 0.354 loading class com/koushikdutta/quack/QuackCoercion
Event: 0.354 loading class com/koushikdutta/quack/QuackCoercion done


Dynamic libraries:
0x00007fff2c99f000 	/System/Library/Frameworks/Cocoa.framework/Versions/A/Cocoa
0x00007fff39f6d000 	/System/Library/Frameworks/Security.framework/Versions/A/Security
0x00007fff2b929000 	/System/Library/Frameworks/ApplicationServices.framework/Versions/A/ApplicationServices
0x00007fff6439a000 	/usr/lib/libz.1.dylib
0x00007fff61e69000 	/usr/lib/libSystem.B.dylib
0x00007fff63cbe000 	/usr/lib/libobjc.A.dylib
0x00007fff2ffdb000 	/System/Library/Frameworks/Foundation.framework/Versions/C/Foundation
0x00007fff2d916000 	/System/Library/Frameworks/CoreFoundation.framework/Versions/A/CoreFoundation
0x00007fff2ab1e000 	/System/Library/Frameworks/AppKit.framework/Versions/C/AppKit
0x00007fff2d422000 	/System/Library/Frameworks/CoreData.framework/Versions/A/CoreData
0x00007fff5e711000 	/System/Library/PrivateFrameworks/UIFoundation.framework/Versions/A/UIFoundation
0x00007fff58eed000 	/System/Library/PrivateFrameworks/RemoteViewServices.framework/Versions/A/RemoteViewServices
0x00007fff611a4000 	/System/Library/PrivateFrameworks/XCTTargetBootstrap.framework/Versions/A/XCTTargetBootstrap
0x00007fff2d805000 	/System/Library/Frameworks/CoreDisplay.framework/Versions/A/CoreDisplay
0x00007fff32d53000 	/System/Library/Frameworks/Metal.framework/Versions/A/Metal
0x00007fff472f3000 	/System/Library/PrivateFrameworks/DesktopServicesPriv.framework/Versions/A/DesktopServicesPriv
0x00007fff62f9f000 	/usr/lib/liblangid.dylib
0x00007fff4643f000 	/System/Library/PrivateFrameworks/CoreSVG.framework/Versions/A/CoreSVG
0x00007fff5bcb4000 	/System/Library/PrivateFrameworks/SkyLight.framework/Versions/A/SkyLight
0x00007fff2dd98000 	/System/Library/Frameworks/CoreGraphics.framework/Versions/A/CoreGraphics
0x00007fff296bd000 	/System/Library/Frameworks/Accelerate.framework/Versions/A/Accelerate
0x00007fff6428b000 	/usr/lib/libxml2.2.dylib
0x00007fff52017000 	/System/Library/PrivateFrameworks/IconServices.framework/Versions/A/IconServices
0x00007fff307c0000 	/System/Library/Frameworks/IOSurface.framework/Versions/A/IOSurface
0x00007fff619a1000 	/usr/lib/libDiagnosticMessagesClient.dylib
0x00007fff4716c000 	/System/Library/PrivateFrameworks/DFRFoundation.framework/Versions/A/DFRFoundation
0x00007fff62d2d000 	/usr/lib/libicucore.A.dylib
0x00007fff2bc5b000 	/System/Library/Frameworks/AudioToolbox.framework/Versions/A/AudioToolbox
0x00007fff2bd3d000 	/System/Library/Frameworks/AudioUnit.framework/Versions/A/AudioUnit
0x00007fff6206a000 	/usr/lib/libauto.dylib
0x00007fff471ed000 	/System/Library/PrivateFrameworks/DataDetectorsCore.framework/Versions/A/DataDetectorsCore
0x00007fff2c4bf000 	/System/Library/Frameworks/Carbon.framework/Versions/A/Frameworks/HIToolbox.framework/Versions/A/HIToolbox
0x00007fff3919e000 	/System/Library/Frameworks/QuartzCore.framework/Versions/A/QuartzCore
0x00007fff2c7fe000 	/System/Library/Frameworks/Carbon.framework/Versions/A/Frameworks/SpeechRecognition.framework/Versions/A/SpeechRecognition
0x00007fff46af2000 	/System/Library/PrivateFrameworks/CoreUI.framework/Versions/A/CoreUI
0x00007fff2ce88000 	/System/Library/Frameworks/CoreAudio.framework/Versions/A/CoreAudio
0x00007fff2fca3000 	/System/Library/Frameworks/DiskArbitration.framework/Versions/A/DiskArbitration
0x00007fff5402c000 	/System/Library/PrivateFrameworks/MultitouchSupport.framework/Versions/A/MultitouchSupport
0x00007fff62bf3000 	/usr/lib/libenergytrace.dylib
0x00007fff3071b000 	/System/Library/Frameworks/IOKit.framework/Versions/A/IOKit
0x00007fff2ed06000 	/System/Library/Frameworks/CoreServices.framework/Versions/A/CoreServices
0x00007fff56139000 	/System/Library/PrivateFrameworks/PerformanceAnalysis.framework/Versions/A/PerformanceAnalysis
0x00007fff381d4000 	/System/Library/Frameworks/OpenGL.framework/Versions/A/OpenGL
0x00007fff2c9ad000 	/System/Library/Frameworks/ColorSync.framework/Versions/A/ColorSync
0x00007fff2e41f000 	/System/Library/Frameworks/CoreImage.framework/Versions/A/CoreImage
0x00007fff2f77c000 	/System/Library/Frameworks/CoreText.framework/Versions/A/CoreText
0x00007fff30846000 	/System/Library/Frameworks/ImageIO.framework/Versions/A/ImageIO
0x00007fff6214f000 	/usr/lib/libc++.1.dylib
0x00007fff621cb000 	/usr/lib/libcompression.dylib
0x00007fff61ce3000 	/usr/lib/libMobileGestalt.dylib
0x00007fff5d7f3000 	/System/Library/PrivateFrameworks/TextureIO.framework/Versions/A/TextureIO
0x00007fff61fd0000 	/usr/lib/libate.dylib
0x00007fff52220000 	/System/Library/PrivateFrameworks/InternationalSupport.framework/Versions/A/InternationalSupport
0x00007fff64e10000 	/usr/lib/system/libcache.dylib
0x00007fff64e16000 	/usr/lib/system/libcommonCrypto.dylib
0x00007fff64e22000 	/usr/lib/system/libcompiler_rt.dylib
0x00007fff64e2a000 	/usr/lib/system/libcopyfile.dylib
0x00007fff64e34000 	/usr/lib/system/libcorecrypto.dylib
0x00007fff64fe2000 	/usr/lib/system/libdispatch.dylib
0x00007fff65024000 	/usr/lib/system/libdyld.dylib
0x00007fff6505a000 	/usr/lib/system/libkeymgr.dylib
0x00007fff65068000 	/usr/lib/system/liblaunch.dylib
0x00007fff65069000 	/usr/lib/system/libmacho.dylib
0x00007fff6506f000 	/usr/lib/system/libquarantine.dylib
0x00007fff65072000 	/usr/lib/system/libremovefile.dylib
0x00007fff65074000 	/usr/lib/system/libsystem_asl.dylib
0x00007fff6508c000 	/usr/lib/system/libsystem_blocks.dylib
0x00007fff6508d000 	/usr/lib/system/libsystem_c.dylib
0x00007fff65115000 	/usr/lib/system/libsystem_configuration.dylib
0x00007fff65119000 	/usr/lib/system/libsystem_coreservices.dylib
0x00007fff6511d000 	/usr/lib/system/libsystem_darwin.dylib
0x00007fff65126000 	/usr/lib/system/libsystem_dnssd.dylib
0x00007fff6512e000 	/usr/lib/system/libsystem_featureflags.dylib
0x00007fff65130000 	/usr/lib/system/libsystem_info.dylib
0x00007fff651ab000 	/usr/lib/system/libsystem_m.dylib
0x00007fff651f3000 	/usr/lib/system/libsystem_malloc.dylib
0x00007fff6521b000 	/usr/lib/system/libsystem_networkextension.dylib
0x00007fff65229000 	/usr/lib/system/libsystem_notify.dylib
0x00007fff65248000 	/usr/lib/system/libsystem_sandbox.dylib
0x00007fff6524d000 	/usr/lib/system/libsystem_secinit.dylib
0x00007fff6517e000 	/usr/lib/system/libsystem_kernel.dylib
0x00007fff65233000 	/usr/lib/system/libsystem_platform.dylib
0x00007fff6523d000 	/usr/lib/system/libsystem_pthread.dylib
0x00007fff65250000 	/usr/lib/system/libsystem_symptoms.dylib
0x00007fff65258000 	/usr/lib/system/libsystem_trace.dylib
0x00007fff65270000 	/usr/lib/system/libunwind.dylib
0x00007fff65276000 	/usr/lib/system/libxpc.dylib
0x00007fff621a3000 	/usr/lib/libc++abi.dylib
0x00007fff62fa1000 	/usr/lib/liblzma.5.dylib
0x00007fff62c1b000 	/usr/lib/libfakelink.dylib
0x00007fff61f5d000 	/usr/lib/libarchive.2.dylib
0x00007fff3b10f000 	/System/Library/Frameworks/SystemConfiguration.framework/Versions/A/SystemConfiguration
0x00007fff618d2000 	/usr/lib/libCRFSuite.dylib
0x00007fff2c0b3000 	/System/Library/Frameworks/CFNetwork.framework/Versions/A/CFNetwork
0x00007fff62131000 	/usr/lib/libbsm.0.dylib
0x00007fff6505b000 	/usr/lib/system/libkxld.dylib
0x00007fff40c23000 	/System/Library/PrivateFrameworks/AppleFSCompression.framework/Versions/A/AppleFSCompression
0x00007fff624b2000 	/usr/lib/libcoretls.dylib
0x00007fff624c9000 	/usr/lib/libcoretls_cfhelpers.dylib
0x00007fff63d02000 	/usr/lib/libpam.2.dylib
0x00007fff63e35000 	/usr/lib/libsqlite3.dylib
0x00007fff64278000 	/usr/lib/libxar.1.dylib
0x00007fff62142000 	/usr/lib/libbz2.1.0.dylib
0x00007fff62c3c000 	/usr/lib/libiconv.2.dylib
0x00007fff621b8000 	/usr/lib/libcharset.1.dylib
0x00007fff637a9000 	/usr/lib/libnetwork.dylib
0x00007fff63d09000 	/usr/lib/libpcap.A.dylib
0x00007fff61f12000 	/usr/lib/libapple_nghttp2.dylib
0x00007fff2f0bd000 	/System/Library/Frameworks/CoreServices.framework/Versions/A/Frameworks/FSEvents.framework/Versions/A/FSEvents
0x00007fff2ed8d000 	/System/Library/Frameworks/CoreServices.framework/Versions/A/Frameworks/CarbonCore.framework/Versions/A/CarbonCore
0x00007fff2f300000 	/System/Library/Frameworks/CoreServices.framework/Versions/A/Frameworks/Metadata.framework/Versions/A/Metadata
0x00007fff2f399000 	/System/Library/Frameworks/CoreServices.framework/Versions/A/Frameworks/OSServices.framework/Versions/A/OSServices
0x00007fff2f3c7000 	/System/Library/Frameworks/CoreServices.framework/Versions/A/Frameworks/SearchKit.framework/Versions/A/SearchKit
0x00007fff2ed07000 	/System/Library/Frameworks/CoreServices.framework/Versions/A/Frameworks/AE.framework/Versions/A/AE
0x00007fff2f0c6000 	/System/Library/Frameworks/CoreServices.framework/Versions/A/Frameworks/LaunchServices.framework/Versions/A/LaunchServices
0x00007fff2f06f000 	/System/Library/Frameworks/CoreServices.framework/Versions/A/Frameworks/DictionaryServices.framework/Versions/A/DictionaryServices
0x00007fff2f42f000 	/System/Library/Frameworks/CoreServices.framework/Versions/A/Frameworks/SharedFileList.framework/Versions/A/SharedFileList
0x00007fff34028000 	/System/Library/Frameworks/NetFS.framework/Versions/A/NetFS
0x00007fff5455c000 	/System/Library/PrivateFrameworks/NetAuth.framework/Versions/A/NetAuth
0x00007fff6156f000 	/System/Library/PrivateFrameworks/login.framework/Versions/A/Frameworks/loginsupport.framework/Versions/A/loginsupport
0x00007fff5d2ee000 	/System/Library/PrivateFrameworks/TCC.framework/Versions/A/TCC
0x00007fff4580e000 	/System/Library/PrivateFrameworks/CoreNLP.framework/Versions/A/CoreNLP
0x00007fff53a5c000 	/System/Library/PrivateFrameworks/MetadataUtilities.framework/Versions/A/MetadataUtilities
0x00007fff63079000 	/usr/lib/libmecabra.dylib
0x00007fff62fd1000 	/usr/lib/libmecab.dylib
0x00007fff62c2c000 	/usr/lib/libgermantok.dylib
0x00007fff61ef9000 	/usr/lib/libThaiTokenizer.dylib
0x00007fff6190a000 	/usr/lib/libChineseTokenizer.dylib
0x00007fff296d5000 	/System/Library/Frameworks/Accelerate.framework/Versions/A/Frameworks/vImage.framework/Versions/A/vImage
0x00007fff2a978000 	/System/Library/Frameworks/Accelerate.framework/Versions/A/Frameworks/vecLib.framework/Versions/A/vecLib
0x00007fff2a8bc000 	/System/Library/Frameworks/Accelerate.framework/Versions/A/Frameworks/vecLib.framework/Versions/A/libvMisc.dylib
0x00007fff2a6e2000 	/System/Library/Frameworks/Accelerate.framework/Versions/A/Frameworks/vecLib.framework/Versions/A/libvDSP.dylib
0x00007fff29d41000 	/System/Library/Frameworks/Accelerate.framework/Versions/A/Frameworks/vecLib.framework/Versions/A/libBLAS.dylib
0x00007fff2a29c000 	/System/Library/Frameworks/Accelerate.framework/Versions/A/Frameworks/vecLib.framework/Versions/A/libLAPACK.dylib
0x00007fff2a642000 	/System/Library/Frameworks/Accelerate.framework/Versions/A/Frameworks/vecLib.framework/Versions/A/libLinearAlgebra.dylib
0x00007fff2a6cf000 	/System/Library/Frameworks/Accelerate.framework/Versions/A/Frameworks/vecLib.framework/Versions/A/libSparseBLAS.dylib
0x00007fff2a658000 	/System/Library/Frameworks/Accelerate.framework/Versions/A/Frameworks/vecLib.framework/Versions/A/libQuadrature.dylib
0x00007fff29fab000 	/System/Library/Frameworks/Accelerate.framework/Versions/A/Frameworks/vecLib.framework/Versions/A/libBNNS.dylib
0x00007fff2a65e000 	/System/Library/Frameworks/Accelerate.framework/Versions/A/Frameworks/vecLib.framework/Versions/A/libSparse.dylib
0x00007fff525df000 	/System/Library/PrivateFrameworks/LanguageModeling.framework/Versions/A/LanguageModeling
0x00007fff451aa000 	/System/Library/PrivateFrameworks/CoreEmoji.framework/Versions/A/CoreEmoji
0x00007fff526fd000 	/System/Library/PrivateFrameworks/LinguisticData.framework/Versions/A/LinguisticData
0x00007fff526ae000 	/System/Library/PrivateFrameworks/Lexicon.framework/Versions/A/Lexicon
0x00007fff621b9000 	/usr/lib/libcmph.dylib
0x00007fff36bfa000 	/System/Library/Frameworks/OpenDirectory.framework/Versions/A/Frameworks/CFOpenDirectory.framework/Versions/A/CFOpenDirectory
0x00007fff36c17000 	/System/Library/Frameworks/OpenDirectory.framework/Versions/A/OpenDirectory
0x00007fff3eee4000 	/System/Library/PrivateFrameworks/APFS.framework/Versions/A/APFS
0x00007fff3a2c0000 	/System/Library/Frameworks/SecurityFoundation.framework/Versions/A/SecurityFoundation
0x00007fff64274000 	/usr/lib/libutil.dylib
0x00007fff46497000 	/System/Library/PrivateFrameworks/CoreServicesStore.framework/Versions/A/CoreServicesStore
0x00007fff3a378000 	/System/Library/Frameworks/ServiceManagement.framework/Versions/A/ServiceManagement
0x00007fff423da000 	/System/Library/PrivateFrameworks/BackgroundTaskManagement.framework/Versions/A/BackgroundTaskManagement
0x00007fff64371000 	/usr/lib/libxslt.1.dylib
0x00007fff41288000 	/System/Library/PrivateFrameworks/AppleSystemInfo.framework/Versions/A/AppleSystemInfo
0x00007fff30a63000 	/System/Library/Frameworks/ImageIO.framework/Versions/A/Resources/libJPEG.dylib
0x00007fff30d22000 	/System/Library/Frameworks/ImageIO.framework/Versions/A/Resources/libTIFF.dylib
0x00007fff30d05000 	/System/Library/Frameworks/ImageIO.framework/Versions/A/Resources/libPng.dylib
0x00007fff309a4000 	/System/Library/Frameworks/ImageIO.framework/Versions/A/Resources/libGIF.dylib
0x00007fff309a8000 	/System/Library/Frameworks/ImageIO.framework/Versions/A/Resources/libJP2.dylib
0x00007fff30d20000 	/System/Library/Frameworks/ImageIO.framework/Versions/A/Resources/libRadiance.dylib
0x00007fff62bf4000 	/usr/lib/libexpat.1.dylib
0x00007fff40d7e000 	/System/Library/PrivateFrameworks/AppleJPEG.framework/Versions/A/AppleJPEG
0x00007fff49711000 	/System/Library/PrivateFrameworks/FontServices.framework/libFontParser.dylib
0x00007fff605c6000 	/System/Library/PrivateFrameworks/WatchdogClient.framework/Versions/A/WatchdogClient
0x00007fff51c6c000 	/System/Library/PrivateFrameworks/IOAccelerator.framework/Versions/A/IOAccelerator
0x00007fff330e1000 	/System/Library/Frameworks/MetalPerformanceShaders.framework/Versions/A/MetalPerformanceShaders
0x00007fff4e45f000 	/System/Library/PrivateFrameworks/GPUWrangler.framework/Versions/A/GPUWrangler
0x00007fff51c77000 	/System/Library/PrivateFrameworks/IOPresentment.framework/Versions/A/IOPresentment
0x00007fff4717f000 	/System/Library/PrivateFrameworks/DSExternalDisplay.framework/Versions/A/DSExternalDisplay
0x00007fff37580000 	/System/Library/Frameworks/OpenGL.framework/Versions/A/Libraries/libCoreFSCache.dylib
0x00007fff32e33000 	/System/Library/Frameworks/MetalPerformanceShaders.framework/Frameworks/MPSCore.framework/Versions/A/MPSCore
0x00007fff32e70000 	/System/Library/Frameworks/MetalPerformanceShaders.framework/Frameworks/MPSImage.framework/Versions/A/MPSImage
0x00007fff32f32000 	/System/Library/Frameworks/MetalPerformanceShaders.framework/Frameworks/MPSNeuralNetwork.framework/Versions/A/MPSNeuralNetwork
0x00007fff32ef7000 	/System/Library/Frameworks/MetalPerformanceShaders.framework/Frameworks/MPSMatrix.framework/Versions/A/MPSMatrix
0x00007fff33092000 	/System/Library/Frameworks/MetalPerformanceShaders.framework/Frameworks/MPSRayIntersector.framework/Versions/A/MPSRayIntersector
0x00007fff32f1c000 	/System/Library/Frameworks/MetalPerformanceShaders.framework/Frameworks/MPSNDArray.framework/Versions/A/MPSNDArray
0x00007fff53aa9000 	/System/Library/PrivateFrameworks/MetalTools.framework/Versions/A/MetalTools
0x00007fff400a9000 	/System/Library/PrivateFrameworks/AggregateDictionary.framework/Versions/A/AggregateDictionary
0x00007fff44c34000 	/System/Library/PrivateFrameworks/CoreAnalytics.framework/Versions/A/CoreAnalytics
0x00007fff411a6000 	/System/Library/PrivateFrameworks/AppleSauce.framework/Versions/A/AppleSauce
0x00007fff61bc6000 	/usr/lib/libIOReport.dylib
0x00007fff2f931000 	/System/Library/Frameworks/CoreVideo.framework/Versions/A/CoreVideo
0x00007fff4f8cd000 	/System/Library/PrivateFrameworks/GraphVisualizer.framework/Versions/A/GraphVisualizer
0x00007fff48c92000 	/System/Library/PrivateFrameworks/FaceCore.framework/Versions/A/FaceCore
0x00007fff36ba1000 	/System/Library/Frameworks/OpenCL.framework/Versions/A/OpenCL
0x00007fff619e8000 	/usr/lib/libFosl_dynamic.dylib
0x00007fff54f57000 	/System/Library/PrivateFrameworks/OTSVG.framework/Versions/A/OTSVG
0x00007fff2ba2e000 	/System/Library/Frameworks/ApplicationServices.framework/Versions/A/Frameworks/ATS.framework/Versions/A/Resources/libFontRegistry.dylib
0x00007fff498e2000 	/System/Library/PrivateFrameworks/FontServices.framework/libhvf.dylib
0x00007fff3758b000 	/System/Library/Frameworks/OpenGL.framework/Versions/A/Libraries/libGFXShared.dylib
0x00007fff37768000 	/System/Library/Frameworks/OpenGL.framework/Versions/A/Libraries/libGLU.dylib
0x00007fff37594000 	/System/Library/Frameworks/OpenGL.framework/Versions/A/Libraries/libGL.dylib
0x00007fff3759f000 	/System/Library/Frameworks/OpenGL.framework/Versions/A/Libraries/libGLImage.dylib
0x00007fff3757d000 	/System/Library/Frameworks/OpenGL.framework/Versions/A/Libraries/libCVMSPluginSupport.dylib
0x00007fff37586000 	/System/Library/Frameworks/OpenGL.framework/Versions/A/Libraries/libCoreVMClient.dylib
0x00007fff6364b000 	/usr/lib/libncurses.5.4.dylib
0x00007fff2b92a000 	/System/Library/Frameworks/ApplicationServices.framework/Versions/A/Frameworks/ATS.framework/Versions/A/ATS
0x00007fff2baf7000 	/System/Library/Frameworks/ApplicationServices.framework/Versions/A/Frameworks/ColorSyncLegacy.framework/Versions/A/ColorSyncLegacy
0x00007fff2bb96000 	/System/Library/Frameworks/ApplicationServices.framework/Versions/A/Frameworks/HIServices.framework/Versions/A/HIServices
0x00007fff2bbed000 	/System/Library/Frameworks/ApplicationServices.framework/Versions/A/Frameworks/LangAnalysis.framework/Versions/A/LangAnalysis
0x00007fff2bbfc000 	/System/Library/Frameworks/ApplicationServices.framework/Versions/A/Frameworks/PrintCore.framework/Versions/A/PrintCore
0x00007fff2bc42000 	/System/Library/Frameworks/ApplicationServices.framework/Versions/A/Frameworks/QD.framework/Versions/A/QD
0x00007fff2bc4d000 	/System/Library/Frameworks/ApplicationServices.framework/Versions/A/Frameworks/SpeechSynthesis.framework/Versions/A/SpeechSynthesis
0x00007fff2bac7000 	/System/Library/Frameworks/ApplicationServices.framework/Versions/A/Frameworks/ATSUI.framework/Versions/A/ATSUI
0x00007fff62a88000 	/usr/lib/libcups.2.dylib
0x00007fff32190000 	/System/Library/Frameworks/Kerberos.framework/Versions/A/Kerberos
0x00007fff30410000 	/System/Library/Frameworks/GSS.framework/Versions/A/GSS
0x00007fff63dc1000 	/usr/lib/libresolv.9.dylib
0x00007fff4fa6e000 	/System/Library/PrivateFrameworks/Heimdal.framework/Versions/A/Heimdal
0x00007fff321a3000 	/System/Library/Frameworks/Kerberos.framework/Versions/A/Libraries/libHeimdalProxy.dylib
0x00007fff62c32000 	/usr/lib/libheimdal-asn1.dylib
0x00007fff440da000 	/System/Library/PrivateFrameworks/CommonAuth.framework/Versions/A/CommonAuth
0x00007fff41325000 	/System/Library/PrivateFrameworks/AssertionServices.framework/Versions/A/AssertionServices
0x00007fff41ec8000 	/System/Library/PrivateFrameworks/AudioToolboxCore.framework/Versions/A/AudioToolboxCore
0x00007fff61220000 	/System/Library/PrivateFrameworks/caulk.framework/Versions/A/caulk
0x00007fff42486000 	/System/Library/PrivateFrameworks/BaseBoard.framework/Versions/A/BaseBoard
0x00007fff5907c000 	/System/Library/PrivateFrameworks/RunningBoardServices.framework/Versions/A/RunningBoardServices
0x00007fff56145000 	/System/Library/PrivateFrameworks/PersistentConnection.framework/Versions/A/PersistentConnection
0x00007fff58acb000 	/System/Library/PrivateFrameworks/ProtocolBuffer.framework/Versions/A/ProtocolBuffer
0x00007fff440ff000 	/System/Library/PrivateFrameworks/CommonUtilities.framework/Versions/A/CommonUtilities
0x00007fff42609000 	/System/Library/PrivateFrameworks/Bom.framework/Versions/A/Bom
0x00007fff61895000 	/usr/lib/libAudioToolboxUtility.dylib
0x00007fff423e4000 	/System/Library/PrivateFrameworks/Backup.framework/Versions/A/Backup
0x00007fff46eef000 	/System/Library/PrivateFrameworks/CrashReporterSupport.framework/Versions/A/CrashReporterSupport
0x00007fff5ab78000 	/System/Library/PrivateFrameworks/Sharing.framework/Versions/A/Sharing
0x00007fff40ac9000 	/System/Library/PrivateFrameworks/Apple80211.framework/Versions/A/Apple80211
0x00007fff42106000 	/System/Library/PrivateFrameworks/AuthKit.framework/Versions/A/AuthKit
0x00007fff46c1f000 	/System/Library/PrivateFrameworks/CoreUtils.framework/Versions/A/CoreUtils
0x00007fff2f976000 	/System/Library/Frameworks/CoreWLAN.framework/Versions/A/CoreWLAN
0x00007fff3059c000 	/System/Library/Frameworks/IOBluetooth.framework/Versions/A/IOBluetooth
0x00007fff53da7000 	/System/Library/PrivateFrameworks/MobileKeyBag.framework/Versions/A/MobileKeyBag
0x00007fff45cea000 	/System/Library/PrivateFrameworks/CorePhoneNumbers.framework/Versions/A/CorePhoneNumbers
0x00007fff40d31000 	/System/Library/PrivateFrameworks/AppleIDAuthSupport.framework/Versions/A/AppleIDAuthSupport
0x00007fff34035000 	/System/Library/Frameworks/Network.framework/Versions/A/Network
0x00007fff52467000 	/System/Library/PrivateFrameworks/KeychainCircle.framework/Versions/A/KeychainCircle
0x00007fff2d3ea000 	/System/Library/Frameworks/CoreBluetooth.framework/Versions/A/CoreBluetooth
0x00007fff5c7f4000 	/System/Library/PrivateFrameworks/SpeechRecognitionCore.framework/Versions/A/SpeechRecognitionCore
0x0000000110000000 	/Library/Java/JavaVirtualMachines/adoptopenjdk-8.jdk/Contents/Home/jre/lib/server/libjvm.dylib
0x00007fff64146000 	/usr/lib/libstdc++.6.dylib
0x000000010d67e000 	/Library/Java/JavaVirtualMachines/adoptopenjdk-8.jdk/Contents/Home/jre/lib/libverify.dylib
0x000000010d68d000 	/Library/Java/JavaVirtualMachines/adoptopenjdk-8.jdk/Contents/Home/jre/lib/libjava.dylib
0x000000010d70f000 	/Library/Java/JavaVirtualMachines/adoptopenjdk-8.jdk/Contents/Home/jre/lib/libzip.dylib
0x0000000114669000 	/Library/Java/JavaVirtualMachines/adoptopenjdk-8.jdk/Contents/Home/jre/lib/libnet.dylib
0x00000001146ce000 	/Library/Java/JavaVirtualMachines/adoptopenjdk-8.jdk/Contents/Home/jre/lib/libnio.dylib
0x00000001146e0000 	/Volumes/Dev/quackfill/quack/quack-jni/build/lib/main/debug/libquack-jni.dylib

VM Arguments:
jvm_args: -Djava.security.manager=worker.org.gradle.process.internal.worker.child.BootstrapSecurityManager -Dorg.gradle.native=false -Xmx512m -Dfile.encoding=UTF-8 -Duser.country=US -Duser.language=en -Duser.variant -ea 
java_command: worker.org.gradle.process.internal.worker.GradleWorkerMain 'Gradle Test Executor 6'
java_class_path (initial): /Users/koush/.gradle/caches/5.2.1/workerMain/gradle-worker.jar
Launcher Type: SUN_STANDARD

Environment Variables:
JAVA_HOME=/Library/Java/JavaVirtualMachines/jdk1.8.0_111.jdk/Contents/Home/
PATH=/Users/koush/.sdkman/candidates/kotlin/current/bin:/Volumes/Dev/google-cloud-sdk/bin:/Users/koush/local/bin:/Users/koush/bin:/usr/local/bin:/Volumes/Dev/android-sdk/platform-tools:/Volumes/Dev/android-sdk/tools:/usr/local/bin:/usr/bin:/bin:/usr/sbin:/sbin:/Applications/VMware Fusion.app/Contents/Public:/opt/X11/bin:/Library/Apple/usr/bin:/Applications/Wireshark.app/Contents/MacOS:/Users/koush/.ec2/bin
SHELL=/bin/bash
DISPLAY=/private/tmp/com.apple.launchd.heScLL3qgn/org.macosforge.xquartz:0

Signal Handlers:
SIGSEGV: [libjvm.dylib+0x585433], sa_mask[0]=11111111011111110111111111111111, sa_flags=SA_ONSTACK|SA_RESTART|SA_SIGINFO
SIGBUS: [libjvm.dylib+0x585433], sa_mask[0]=11111111011111110111111111111111, sa_flags=SA_RESTART|SA_SIGINFO
SIGFPE: [libjvm.dylib+0x45e83c], sa_mask[0]=11111111011111110111111111111111, sa_flags=SA_RESTART|SA_SIGINFO
SIGPIPE: [libjvm.dylib+0x45e83c], sa_mask[0]=11111111011111110111111111111111, sa_flags=SA_RESTART|SA_SIGINFO
SIGXFSZ: [libjvm.dylib+0x45e83c], sa_mask[0]=11111111011111110111111111111111, sa_flags=SA_RESTART|SA_SIGINFO
SIGILL: [libjvm.dylib+0x45e83c], sa_mask[0]=11111111011111110111111111111111, sa_flags=SA_RESTART|SA_SIGINFO
SIGUSR1: SIG_DFL, sa_mask[0]=00000000000000000000000000000000, sa_flags=none
SIGUSR2: [libjvm.dylib+0x45e35a], sa_mask[0]=00100000000000000000000000000000, sa_flags=SA_RESTART|SA_SIGINFO
SIGHUP: [libjvm.dylib+0x45c8e5], sa_mask[0]=11111111011111110111111111111111, sa_flags=SA_RESTART|SA_SIGINFO
SIGINT: [libjvm.dylib+0x45c8e5], sa_mask[0]=11111111011111110111111111111111, sa_flags=SA_RESTART|SA_SIGINFO
SIGTERM: [libjvm.dylib+0x45c8e5], sa_mask[0]=11111111011111110111111111111111, sa_flags=SA_RESTART|SA_SIGINFO
SIGQUIT: [libjvm.dylib+0x45c8e5], sa_mask[0]=11111111011111110111111111111111, sa_flags=SA_RESTART|SA_SIGINFO


---------------  S Y S T E M  ---------------

OS:Bsduname:Darwin 19.3.0 Darwin Kernel Version 19.3.0: Thu Jan  9 20:58:23 PST 2020; root:xnu-6153.81.5~1/RELEASE_X86_64 x86_64
rlimit: STACK 8192k, CORE 0k, NPROC 11136, NOFILE 10240, AS infinity
load average:4.45 3.35 3.28

CPU:total 20 (initial active 20) (10 cores per cpu, 2 threads per core) family 6 model 79 stepping 1, cmov, cx8, fxsr, mmx, sse, sse2, sse3, ssse3, sse4.1, sse4.2, popcnt, avx, avx2, aes, clmul, erms, rtm, 3dnowpref, lzcnt, ht, tsc, tscinvbit, bmi1, bmi2, adx

Memory: 4k page, physical 134217728k(1268708k free)

/proc/meminfo:


vm_info: OpenJDK 64-Bit Server VM (25.212-b04) for bsd-amd64 JRE (1.8.0_212-b04), built on Jun  3 2019 14:11:44 by "jenkins" with gcc 4.2.1 (Based on Apple Inc. build 5658) (LLVM build 2336.11.00)

time: Sat Aug  1 00:34:05 2020
timezone: PDT
elapsed time: 0 seconds (0d 0h 0m 0s)

